<?xml version="1.0" ?>
<coverage version="7.6.8" timestamp="1733835467249" lines-valid="86" lines-covered="38" line-rate="0.4419" branches-covered="0" branches-valid="0" branch-rate="0" complexity="0">
	<!-- Generated by coverage.py: https://coverage.readthedocs.io/en/7.6.8 -->
	<!-- Based on https://raw.githubusercontent.com/cobertura/web/master/htdocs/xml/coverage-04.dtd -->
	<sources>
		<source>/home/kirillke/TKT/OHTU/LatexLab/src</source>
	</sources>
	<packages>
		<package name="." line-rate="1" branch-rate="0" complexity="0">
			<classes>
				<class name="util.py" filename="util.py" complexity="0" line-rate="1" branch-rate="0">
					<methods/>
					<lines>
						<line number="1" hits="1"/>
						<line number="2" hits="1"/>
						<line number="5" hits="1"/>
						<line number="6" hits="1"/>
						<line number="7" hits="1"/>
						<line number="8" hits="1"/>
						<line number="9" hits="1"/>
						<line number="11" hits="1"/>
						<line number="12" hits="1"/>
						<line number="14" hits="1"/>
						<line number="15" hits="1"/>
						<line number="17" hits="1"/>
						<line number="18" hits="1"/>
						<line number="19" hits="1"/>
						<line number="20" hits="1"/>
						<line number="22" hits="1"/>
						<line number="23" hits="1"/>
					</lines>
				</class>
			</classes>
		</package>
		<package name="entities" line-rate="0.1522" branch-rate="0" complexity="0">
			<classes>
				<class name="citation.py" filename="entities/citation.py" complexity="0" line-rate="0.1522" branch-rate="0">
					<methods/>
					<lines>
						<line number="1" hits="1"/>
						<line number="2" hits="1"/>
						<line number="5" hits="1"/>
						<line number="6" hits="1"/>
						<line number="9" hits="0"/>
						<line number="10" hits="0"/>
						<line number="11" hits="0"/>
						<line number="12" hits="0"/>
						<line number="13" hits="0"/>
						<line number="14" hits="0"/>
						<line number="15" hits="0"/>
						<line number="16" hits="0"/>
						<line number="17" hits="0"/>
						<line number="18" hits="0"/>
						<line number="19" hits="0"/>
						<line number="21" hits="1"/>
						<line number="22" hits="0"/>
						<line number="34" hits="1"/>
						<line number="35" hits="0"/>
						<line number="42" hits="0"/>
						<line number="43" hits="0"/>
						<line number="44" hits="0"/>
						<line number="45" hits="0"/>
						<line number="46" hits="0"/>
						<line number="47" hits="0"/>
						<line number="48" hits="0"/>
						<line number="49" hits="0"/>
						<line number="50" hits="0"/>
						<line number="51" hits="0"/>
						<line number="52" hits="0"/>
						<line number="54" hits="1"/>
						<line number="55" hits="0"/>
						<line number="56" hits="0"/>
						<line number="63" hits="0"/>
						<line number="64" hits="0"/>
						<line number="65" hits="0"/>
						<line number="66" hits="0"/>
						<line number="67" hits="0"/>
						<line number="68" hits="0"/>
						<line number="69" hits="0"/>
						<line number="70" hits="0"/>
						<line number="71" hits="0"/>
						<line number="72" hits="0"/>
						<line number="74" hits="0"/>
						<line number="75" hits="0"/>
						<line number="76" hits="0"/>
					</lines>
				</class>
			</classes>
		</package>
		<package name="repositories" line-rate="0.6087" branch-rate="0" complexity="0">
			<classes>
				<class name="citation_repository.py" filename="repositories/citation_repository.py" complexity="0" line-rate="0.6087" branch-rate="0">
					<methods/>
					<lines>
						<line number="1" hits="1"/>
						<line number="2" hits="1"/>
						<line number="4" hits="1"/>
						<line number="7" hits="1"/>
						<line number="8" hits="0"/>
						<line number="12" hits="0"/>
						<line number="23" hits="0"/>
						<line number="26" hits="1"/>
						<line number="27" hits="1"/>
						<line number="28" hits="1"/>
						<line number="29" hits="1"/>
						<line number="32" hits="1"/>
						<line number="33" hits="0"/>
						<line number="36" hits="0"/>
						<line number="37" hits="0"/>
						<line number="54" hits="1"/>
						<line number="55" hits="0"/>
						<line number="58" hits="0"/>
						<line number="59" hits="0"/>
						<line number="72" hits="1"/>
						<line number="74" hits="1"/>
						<line number="88" hits="1"/>
						<line number="100" hits="1"/>
					</lines>
				</class>
			</classes>
		</package>
	</packages>
</coverage>
